<?xml version="1.0" encoding="UTF-8"?>
<!-- Generated by org.testng.reporters.JUnitReportReporter -->
<testsuite hostname="Sahil-Dell" failures="0" tests="2" name="com.cyient.test.InvalidUserTest" time="19.118" errors="0" timestamp="2021-06-13T17:12:59 IST" skipped="0">
  <testcase classname="com.cyient.test.InvalidUserTest" name="inValidCredentialExcelTest" time="10.575"/>
  <system-out/>
  <testcase classname="com.cyient.test.InvalidUserTest" name="inValidCredentialExcelTest" time="8.543"/>
  <system-out/>
</testsuite> <!-- com.cyient.test.InvalidUserTest -->
