<?xml version="1.0" encoding="UTF-8"?>
<!-- Generated by org.testng.reporters.JUnitReportReporter -->
<testsuite hostname="Sahil-Dell" failures="0" tests="1" name="com.cyient.test.OrderPhoneTest" time="32.482" errors="0" timestamp="2021-06-14T00:06:14 IST" skipped="0">
  <testcase classname="com.cyient.test.OrderPhoneTest" name="placeOrderTest" time="32.482"/>
  <system-out/>
</testsuite> <!-- com.cyient.test.OrderPhoneTest -->
