<?xml version="1.0" encoding="UTF-8"?>
<!-- Generated by org.testng.reporters.JUnitReportReporter -->
<testsuite hostname="Sahil-Dell" failures="0" tests="1" name="com.cyient.test.OrderPhoneTest" time="21.894" errors="0" timestamp="2021-06-13T21:11:34 IST" skipped="0">
  <testcase classname="com.cyient.test.OrderPhoneTest" name="placeOrderTest" time="21.894"/>
  <system-out/>
</testsuite> <!-- com.cyient.test.OrderPhoneTest -->
