<?xml version="1.0" encoding="UTF-8"?>
<!-- Generated by org.testng.reporters.JUnitReportReporter -->
<testsuite hostname="Sahil-Dell" failures="0" tests="2" name="com.cyient.test.InvalidUserTest" time="17.035" errors="0" timestamp="2021-06-14T00:07:28 IST" skipped="0">
  <testcase classname="com.cyient.test.InvalidUserTest" name="inValidCredentialDataProviderTest" time="8.984"/>
  <system-out/>
  <testcase classname="com.cyient.test.InvalidUserTest" name="inValidCredentialDataProviderTest" time="8.051"/>
  <system-out/>
</testsuite> <!-- com.cyient.test.InvalidUserTest -->
